This is pdfTeX, Version 3.1415926-2.4-1.40.13 (TeX Live 2012) (format=pdflatex 2012.6.30)  27 MAY 2014 21:35
entering extended mode
 \write18 enabled.
 file:line:error style messages enabled.
 %&-line parsing enabled.
**TheFederalistPapers.tex
(./TheFederalistPapers.tex
LaTeX2e <2011/06/27>
Babel <v3.8m> and hyphenation patterns for english, dumylang, nohyphenation, ge
rman-x-2012-05-30, ngerman-x-2012-05-30, afrikaans, ancientgreek, ibycus, arabi
c, armenian, basque, bulgarian, catalan, pinyin, coptic, croatian, czech, danis
h, dutch, ukenglish, usenglishmax, esperanto, estonian, ethiopic, farsi, finnis
h, french, friulan, galician, german, ngerman, swissgerman, monogreek, greek, h
ungarian, icelandic, assamese, bengali, gujarati, hindi, kannada, malayalam, ma
rathi, oriya, panjabi, tamil, telugu, indonesian, interlingua, irish, italian, 
kurmanji, latin, latvian, lithuanian, mongolian, mongolianlmc, bokmal, nynorsk,
 polish, portuguese, romanian, romansh, russian, sanskrit, serbian, serbianc, s
lovak, slovenian, spanish, swedish, turkish, turkmen, ukrainian, uppersorbian, 
welsh, loaded.

(/Users/conery/Library/texmf/tex/latex/koma-script/tex/latex/koma-script/scrboo
k.cls
Document Class: scrbook 2008/11/03 v3.00 KOMA-Script document class (book)

(/Users/conery/Library/texmf/tex/latex/koma-script/tex/latex/koma-script/scrkba
se.sty
Package: scrkbase 2008/11/03 v3.00 KOMA-Script package (KOMA-Script-dependent b
asics and keyval usage)

(/Users/conery/Library/texmf/tex/latex/koma-script/tex/latex/koma-script/scrbas
e.sty
Package: scrbase 2008/11/03 v3.00 KOMA-Script package (KOMA-Script-independent 
basics and keyval usage)
 (/usr/local/texlive/2012/texmf-dist/tex/latex/graphics/keyval.sty
Package: keyval 1999/03/16 v1.13 key=value parser (DPC)
\KV@toks@=\toks14
)
(/Users/conery/Library/texmf/tex/latex/koma-script/tex/latex/koma-script/scrlfi
le.sty
Package: scrlfile 2008/07/09 v3.00 KOMA-Script package (loading files)

Package scrlfile, 2008/07/09 v3.00 KOMA-Script package (loading files)
                  Copyright (C) Markus Kohm

)))
(/Users/conery/Library/texmf/tex/latex/koma-script/tex/latex/koma-script/tocbas
ic.sty
Package: tocbasic 2008/10/06 v1.0(package)
)
Package tocbasic Info: omitting babel extension for `toc'
(tocbasic)             because of feature `nobabel' available
(tocbasic)             for `toc' on input line 112.
Package tocbasic Info: omitting babel extension for `lof'
(tocbasic)             because of feature `nobabel' available
(tocbasic)             for `lof' on input line 113.
Package tocbasic Info: omitting babel extension for `lot'
(tocbasic)             because of feature `nobabel' available
(tocbasic)             for `lot' on input line 114.
Package scrbook Info: You've used obsolete option `10pt'.
(scrbook)             \KOMAExecuteOptions{fontsize=10pt} will be
(scrbook)             used instead.
(scrbook)             You may simply replace `10pt'
(scrbook)             by `fontsize=10pt'.


Package scrbook Warning: You've used obsolete option `pointlessnumbers'.
(scrbook)                \KOMAExecuteOptions{numbers=noenddot} will be
(scrbook)                used instead.
(scrbook)                You may simply replace `pointlessnumbers'
(scrbook)                by `numbers=noenddot'.

Class scrbook Info: File `scrsize10pt.clo' used to setup font sizes on input li
ne 1266.

(/Users/conery/Library/texmf/tex/latex/koma-script/tex/latex/koma-script/scrsiz
e10pt.clo
File: scrsize10pt.clo 2008/11/03 v3.00 KOMA-Script font size class option (10pt
)
)
(/Users/conery/Library/texmf/tex/latex/koma-script/tex/latex/koma-script/typear
ea.sty
Package: typearea 2008/11/03 v3.00 KOMA-Script package (type area)

Package typearea, 2008/11/03 v3.00 KOMA-Script package (type area)
                  Copyright (C) Frank Neukam, 1992-1994
                  Copyright (C) Markus Kohm, 1994-

\ta@bcor=\skip41
\ta@div=\count79
Package typearea Info: You've used obsolete option `letterpaper'.
(typearea)             \KOMAExecuteOptions{paper=letter} will be
(typearea)             used instead.
(typearea)             You may simply replace `letterpaper'
(typearea)             by `paper=letter'.
\ta@hblk=\skip42
\ta@vblk=\skip43
\ta@temp=\skip44
Package typearea Info: These are the values describing the layout:
(typearea)             DIV  = 8
(typearea)             BCOR = 0.0pt
(typearea)             \paperwidth      = 614.295pt
(typearea)              \textwidth      = 383.9344pt
(typearea)              DIV departure   = -7%
(typearea)              \evensidemargin = 81.30374pt
(typearea)              \oddsidemargin  = 4.51688pt
(typearea)             \paperheight     = 794.96999pt
(typearea)              \textheight     = 502.0pt
(typearea)              \topmargin      = -5.89874pt
(typearea)              \headheight     = 15.0pt
(typearea)              \headsep        = 18.0pt
(typearea)              \topskip        = 10.0pt
(typearea)              \footskip       = 42.0pt
(typearea)              \baselineskip   = 12.0pt
(typearea)              on input line 959.
)
\c@part=\count80
\c@chapter=\count81
\c@section=\count82
\c@subsection=\count83
\c@subsubsection=\count84
\c@paragraph=\count85
\c@subparagraph=\count86
\abovecaptionskip=\skip45
\belowcaptionskip=\skip46
\c@pti@nb@sid@b@x=\box26
\c@figure=\count87
\c@table=\count88
\bibindent=\dimen102
) (/usr/local/texlive/2012/texmf-dist/tex/latex/graphics/graphicx.sty
Package: graphicx 1999/02/16 v1.0f Enhanced LaTeX Graphics (DPC,SPQR)

(/usr/local/texlive/2012/texmf-dist/tex/latex/graphics/graphics.sty
Package: graphics 2009/02/05 v1.0o Standard LaTeX Graphics (DPC,SPQR)

(/usr/local/texlive/2012/texmf-dist/tex/latex/graphics/trig.sty
Package: trig 1999/03/16 v1.09 sin cos tan (DPC)
)
(/usr/local/texlive/2012/texmf-dist/tex/latex/latexconfig/graphics.cfg
File: graphics.cfg 2010/04/23 v1.9 graphics configuration of TeX Live
)
Package graphics Info: Driver file: pdftex.def on input line 91.

(/usr/local/texlive/2012/texmf-dist/tex/latex/pdftex-def/pdftex.def
File: pdftex.def 2011/05/27 v0.06d Graphics/color for pdfTeX

(/usr/local/texlive/2012/texmf-dist/tex/generic/oberdiek/infwarerr.sty
Package: infwarerr 2010/04/08 v1.3 Providing info/warning/error messages (HO)
)
(/usr/local/texlive/2012/texmf-dist/tex/generic/oberdiek/ltxcmds.sty
Package: ltxcmds 2011/11/09 v1.22 LaTeX kernel commands for general use (HO)
)
\Gread@gobject=\count89
))
\Gin@req@height=\dimen103
\Gin@req@width=\dimen104
)
(./TheFederalistPapers.aux (./Number1/federalist1.aux)
(./Number2/federalist2.aux) (./Number3/federalist3.aux) (./Legalese/license.aux
))
\openout1 = `TheFederalistPapers.aux'.

LaTeX Font Info:    Checking defaults for OML/cmm/m/it on input line 10.
LaTeX Font Info:    ... okay on input line 10.
LaTeX Font Info:    Checking defaults for T1/cmr/m/n on input line 10.
LaTeX Font Info:    ... okay on input line 10.
LaTeX Font Info:    Checking defaults for OT1/cmr/m/n on input line 10.
LaTeX Font Info:    ... okay on input line 10.
LaTeX Font Info:    Checking defaults for OMS/cmsy/m/n on input line 10.
LaTeX Font Info:    ... okay on input line 10.
LaTeX Font Info:    Checking defaults for OMX/cmex/m/n on input line 10.
LaTeX Font Info:    ... okay on input line 10.
LaTeX Font Info:    Checking defaults for U/cmr/m/n on input line 10.
LaTeX Font Info:    ... okay on input line 10.
 (/usr/local/texlive/2012/texmf-dist/tex/context/base/supp-pdf.mkii
[Loading MPS to PDF converter (version 2006.09.02).]
\scratchcounter=\count90
\scratchdimen=\dimen105
\scratchbox=\box27
\nofMPsegments=\count91
\nofMParguments=\count92
\everyMPshowfont=\toks15
\MPscratchCnt=\count93
\MPscratchDim=\dimen106
\MPnumerator=\count94
\makeMPintoPDFobject=\count95
\everyMPtoPDFconversion=\toks16
) (/usr/local/texlive/2012/texmf-dist/tex/generic/oberdiek/pdftexcmds.sty
Package: pdftexcmds 2011/11/29 v0.20 Utility functions of pdfTeX for LuaTeX (HO
)

(/usr/local/texlive/2012/texmf-dist/tex/generic/oberdiek/ifluatex.sty
Package: ifluatex 2010/03/01 v1.3 Provides the ifluatex switch (HO)
Package ifluatex Info: LuaTeX not detected.
)
(/usr/local/texlive/2012/texmf-dist/tex/generic/oberdiek/ifpdf.sty
Package: ifpdf 2011/01/30 v2.3 Provides the ifpdf switch (HO)
Package ifpdf Info: pdfTeX in PDF mode is detected.
)
Package pdftexcmds Info: LuaTeX not detected.
Package pdftexcmds Info: \pdf@primitive is available.
Package pdftexcmds Info: \pdf@ifprimitive is available.
Package pdftexcmds Info: \pdfdraftmode found.
)
(/usr/local/texlive/2012/texmf-dist/tex/latex/oberdiek/epstopdf-base.sty
Package: epstopdf-base 2010/02/09 v2.5 Base part for package epstopdf

(/usr/local/texlive/2012/texmf-dist/tex/latex/oberdiek/grfext.sty
Package: grfext 2010/08/19 v1.1 Manage graphics extensions (HO)

(/usr/local/texlive/2012/texmf-dist/tex/generic/oberdiek/kvdefinekeys.sty
Package: kvdefinekeys 2011/04/07 v1.3 Define keys (HO)
))
(/usr/local/texlive/2012/texmf-dist/tex/latex/oberdiek/kvoptions.sty
Package: kvoptions 2011/06/30 v3.11 Key value format for package options (HO)

(/usr/local/texlive/2012/texmf-dist/tex/generic/oberdiek/kvsetkeys.sty
Package: kvsetkeys 2012/04/25 v1.16 Key value parser (HO)

(/usr/local/texlive/2012/texmf-dist/tex/generic/oberdiek/etexcmds.sty
Package: etexcmds 2011/02/16 v1.5 Avoid name clashes with e-TeX commands (HO)
Package etexcmds Info: Could not find \expanded.
(etexcmds)             That can mean that you are not using pdfTeX 1.50 or
(etexcmds)             that some package has redefined \expanded.
(etexcmds)             In the latter case, load this package earlier.
)))
Package grfext Info: Graphics extension search list:
(grfext)             [.png,.pdf,.jpg,.mps,.jpeg,.jbig2,.jb2,.PNG,.PDF,.JPG,.JPE
G,.JBIG2,.JB2,.eps]
(grfext)             \AppendGraphicsExtensions on input line 452.

(/usr/local/texlive/2012/texmf-dist/tex/latex/latexconfig/epstopdf-sys.cfg
File: epstopdf-sys.cfg 2010/07/13 v1.3 Configuration of (r)epstopdf for TeX Liv
e
))
LaTeX Font Info:    External font `cmex10' loaded for size
(Font)              <14.4> on input line 18.
LaTeX Font Info:    External font `cmex10' loaded for size
(Font)              <7> on input line 18.

[1


{/usr/local/texlive/2012/texmf-var/fonts/map/pdftex/updmap/pdftex.map}]
[2

] (./TheFederalistPapers.toc
Class scrbook Info: You've told me to use the font selection of the element
(scrbook)           `sectioning' that is an alias of element `disposition'
(scrbook)            on input line 1.
Class scrbook Info: You've told me to use the font selection of the element
(scrbook)           `sectioning' that is an alias of element `disposition'
(scrbook)            on input line 2.
Class scrbook Info: You've told me to use the font selection of the element
(scrbook)           `sectioning' that is an alias of element `disposition'
(scrbook)            on input line 3.
Class scrbook Info: You've told me to use the font selection of the element
(scrbook)           `sectioning' that is an alias of element `disposition'
(scrbook)            on input line 5.
)
\tf@toc=\write3
\openout3 = `TheFederalistPapers.toc'.

 [3

] [4


]
<federalist.jpg, id=18, 222.8325pt x 250.9375pt>
File: federalist.jpg Graphic file (type jpg)
 <use federalist.jpg>
Package pdftex.def Info: federalist.jpg used on input line 23.
(pdftex.def)             Requested size: 222.83195pt x 250.93687pt.
 [1 <./federalist.jpg>]
\openout2 = `Number1/federalist1.aux'.

 (./Number1/federalist1.tex [2


] [3] [4]
Overfull \hbox (4.52853pt too wide) in paragraph at lines 148--150
[]\OT1/cmr/m/n/10 THE CON-FOR-MITY OF THE PRO-POSED CON-STI-TU-TION TO THE TRUE
 PRIN-
 []

LaTeX Font Info:    External font `cmex10' loaded for size
(Font)              <5> on input line 171.
[5]) [6]
\openout2 = `Number2/federalist2.aux'.

 (./Number2/federalist2.tex [7



] [8] [9]) [10]
\openout2 = `Number3/federalist3.aux'.


(./Number3/federalist3.tex [11



] [12]) [13]
\openout2 = `Legalese/license.aux'.

 (./Legalese/license.tex [14



]
Underfull \hbox (badness 10000) in paragraph at lines 6--7

 []


Overfull \hbox (27.31636pt too wide) in paragraph at lines 8--14
\OT1/cmr/m/n/10 Project Gutenberg$[]$ Li-cense (avail-able with this file or on
-line at http://gutenberg.net/license). 
 []


Overfull \hbox (7.89967pt too wide) in paragraph at lines 40--55
[]\OT1/cmr/m/n/10 1.C. The Project Guten-berg Lit-er-ary Archive Foun-da-tion (
``the Foun-da-tion'' or PGLAF),
 []

[15] [16]
LaTeX Font Info:    Try loading font information for OMS+cmr on input line 128.

 (/usr/local/texlive/2012/texmf-dist/tex/latex/base/omscmr.fd
File: omscmr.fd 1999/05/25 v2.5h Standard LaTeX font definitions
)
LaTeX Font Info:    Font shape `OMS/cmr/m/n' in size <10> not available
(Font)              Font shape `OMS/cmsy/m/n' tried instead on input line 128.

[17] [18]
Underfull \hbox (badness 10000) in paragraph at lines 271--274

 []

[19]) [20] [21] (./TheFederalistPapers.aux (./Number1/federalist1.aux)
(./Number2/federalist2.aux) (./Number3/federalist3.aux) (./Legalese/license.aux
)) ) 
Here is how much of TeX's memory you used:
 2492 strings out of 493488
 38886 string characters out of 3141326
 119039 words of memory out of 3000000
 5760 multiletter control sequences out of 15000+200000
 6387 words of font info for 23 fonts, out of 3000000 for 9000
 957 hyphenation exceptions out of 8191
 41i,8n,54p,248b,220s stack positions out of 5000i,500n,10000p,200000b,50000s
</usr/local/texlive/2012/texmf-dist/fonts/type1/public/amsfonts/cm/cmmi10.p
fb></usr/local/texlive/2012/texmf-dist/fonts/type1/public/amsfonts/cm/cmr10.pfb
></usr/local/texlive/2012/texmf-dist/fonts/type1/public/amsfonts/cm/cmr12.pfb><
/usr/local/texlive/2012/texmf-dist/fonts/type1/public/amsfonts/cm/cmr7.pfb></us
r/local/texlive/2012/texmf-dist/fonts/type1/public/amsfonts/cm/cmsl10.pfb></usr
/local/texlive/2012/texmf-dist/fonts/type1/public/amsfonts/cm/cmssbx10.pfb></us
r/local/texlive/2012/texmf-dist/fonts/type1/public/amsfonts/cm/cmsy10.pfb>
Output written on TheFederalistPapers.pdf (25 pages, 136355 bytes).
PDF statistics:
 114 PDF objects out of 1000 (max. 8388607)
 78 compressed objects within 1 object stream
 0 named destinations out of 1000 (max. 500000)
 6 words of extra memory for PDF output out of 10000 (max. 10000000)

